# JRE version: Java(TM) SE Runtime Environment (26.0+35) (build 26+35-2893)
# Java VM: Java HotSpot(TM) 64-Bit Server VM (26+35-2893, mixed mode, sharing, tiered, compressed oops, compressed class ptrs, g1 gc, windows-amd64)
GC Precious Log:
 CardTable entry size: 512
 Card Set container configuration: InlinePtr #cards 4 size 8 Array Of Cards #cards 16 size 48 Howl #buckets 8 coarsen threshold 3686 Howl Bitmap #cards 512 size 80 coarsen threshold 460 Card regions per heap region 1 cards per card region 4096
 CPUs: 12 total, 12 available
 Memory: 16202M
 Large Page Support: Disabled
 NUMA Support: Disabled
 Compressed Oops: Enabled (Zero based)
 Heap Region Size: 2M
 Heap Min Capacity: 8M
 Heap Initial Capacity: 8M
 Heap Max Capacity: 4052M
 Pre-touch: Disabled
 Parallel Workers: 10
 Concurrent Workers: 3
 Concurrent Refinement Workers: 10
 Periodic GC: Disabled
Heap:
 garbage-first heap   total reserved 4149248K, committed 126976K, used 74936K [0x0000000702c00000, 0x0000000800000000)
  region size 2M, 19 eden (38M), 1 survivor (2M), 20 old (40M), 0 humongous (0M), 22 free (44M)
GC Heap Usage History (20 events):
Event: 823.059 {heap Before GC invocations=34 (full 1):
 garbage-first heap   total reserved 4149248K, committed 131072K, used 108065K [0x0000000702c00000, 0x0000000800000000)
  region size 2M, 34 eden (68M), 4 survivor (8M), 19 old (38M), 0 humongous (0M), 7 free (14M)
}
Event: 823.064 {heap After GC invocations=35 (full 1):
 garbage-first heap   total reserved 4149248K, committed 131072K, used 38381K [0x0000000702c00000, 0x0000000800000000)
  region size 2M, 0 eden (0M), 1 survivor (2M), 21 old (42M), 0 humongous (0M), 42 free (84M)
}
Event: 1026.502 {heap Before GC invocations=35 (full 1):
 garbage-first heap   total reserved 4149248K, committed 131072K, used 114157K [0x0000000702c00000, 0x0000000800000000)
  region size 2M, 37 eden (74M), 1 survivor (2M), 21 old (42M), 0 humongous (0M), 5 free (10M)
}
Event: 1026.503 {heap After GC invocations=36 (full 1):
 garbage-first heap   total reserved 4149248K, committed 131072K, used 38073K [0x0000000702c00000, 0x0000000800000000)
  region size 2M, 0 eden (0M), 1 survivor (2M), 21 old (42M), 0 humongous (0M), 42 free (84M)
}
Event: 1229.719 {heap Before GC invocations=37 (full 1):
 garbage-first heap   total reserved 4149248K, committed 131072K, used 113849K [0x0000000702c00000, 0x0000000800000000)
  region size 2M, 37 eden (74M), 1 survivor (2M), 21 old (42M), 0 humongous (0M), 5 free (10M)
}
Event: 1229.721 {heap After GC invocations=38 (full 1):
 garbage-first heap   total reserved 4149248K, committed 131072K, used 37994K [0x0000000702c00000, 0x0000000800000000)
  region size 2M, 0 eden (0M), 1 survivor (2M), 21 old (42M), 0 humongous (0M), 42 free (84M)
}
Event: 1433.297 {heap Before GC invocations=38 (full 1):
 garbage-first heap   total reserved 4149248K, committed 131072K, used 113770K [0x0000000702c00000, 0x0000000800000000)
  region size 2M, 37 eden (74M), 1 survivor (2M), 21 old (42M), 0 humongous (0M), 5 free (10M)
}
Event: 1433.300 {heap After GC invocations=39 (full 1):
 garbage-first heap   total reserved 4149248K, committed 131072K, used 37978K [0x0000000702c00000, 0x0000000800000000)
  region size 2M, 0 eden (0M), 1 survivor (2M), 21 old (42M), 0 humongous (0M), 42 free (84M)
}
Event: 1637.642 {heap Before GC invocations=39 (full 1):
 garbage-first heap   total reserved 4149248K, committed 131072K, used 113754K [0x0000000702c00000, 0x0000000800000000)
  region size 2M, 37 eden (74M), 1 survivor (2M), 21 old (42M), 0 humongous (0M), 5 free (10M)
}
Event: 1637.644 {heap After GC invocations=40 (full 1):
 garbage-first heap   total reserved 4149248K, committed 131072K, used 37979K [0x0000000702c00000, 0x0000000800000000)
  region size 2M, 0 eden (0M), 1 survivor (2M), 21 old (42M), 0 humongous (0M), 42 free (84M)
}
Event: 1840.545 {heap Before GC invocations=41 (full 1):
 garbage-first heap   total reserved 4149248K, committed 131072K, used 113755K [0x0000000702c00000, 0x0000000800000000)
  region size 2M, 37 eden (74M), 1 survivor (2M), 21 old (42M), 0 humongous (0M), 5 free (10M)
}
Event: 1840.547 {heap After GC invocations=42 (full 1):
 garbage-first heap   total reserved 4149248K, committed 126976K, used 37985K [0x0000000702c00000, 0x0000000800000000)
  region size 2M, 0 eden (0M), 1 survivor (2M), 21 old (42M), 0 humongous (0M), 40 free (80M)
}
Event: 2038.389 {heap Before GC invocations=42 (full 1):
 garbage-first heap   total reserved 4149248K, committed 126976K, used 111713K [0x0000000702c00000, 0x0000000800000000)
  region size 2M, 36 eden (72M), 1 survivor (2M), 21 old (42M), 0 humongous (0M), 4 free (8M)
}
Event: 2038.391 {heap After GC invocations=43 (full 1):
 garbage-first heap   total reserved 4149248K, committed 126976K, used 38091K [0x0000000702c00000, 0x0000000800000000)
  region size 2M, 0 eden (0M), 1 survivor (2M), 21 old (42M), 0 humongous (0M), 40 free (80M)
}
Event: 2238.106 {heap Before GC invocations=43 (full 1):
 garbage-first heap   total reserved 4149248K, committed 126976K, used 111819K [0x0000000702c00000, 0x0000000800000000)
  region size 2M, 36 eden (72M), 1 survivor (2M), 21 old (42M), 0 humongous (0M), 4 free (8M)
}
Event: 2238.109 {heap After GC invocations=44 (full 1):
 garbage-first heap   total reserved 4149248K, committed 126976K, used 38060K [0x0000000702c00000, 0x0000000800000000)
  region size 2M, 0 eden (0M), 1 survivor (2M), 21 old (42M), 0 humongous (0M), 40 free (80M)
}
Event: 2437.819 {heap Before GC invocations=45 (full 1):
 garbage-first heap   total reserved 4149248K, committed 126976K, used 111788K [0x0000000702c00000, 0x0000000800000000)
  region size 2M, 36 eden (72M), 1 survivor (2M), 21 old (42M), 0 humongous (0M), 4 free (8M)
}
Event: 2437.821 {heap After GC invocations=46 (full 1):
 garbage-first heap   total reserved 4149248K, committed 126976K, used 38063K [0x0000000702c00000, 0x0000000800000000)
  region size 2M, 0 eden (0M), 1 survivor (2M), 21 old (42M), 0 humongous (0M), 40 free (80M)
}
Event: 2636.679 {heap Before GC invocations=46 (full 1):
 garbage-first heap   total reserved 4149248K, committed 126976K, used 111791K [0x0000000702c00000, 0x0000000800000000)
  region size 2M, 36 eden (72M), 1 survivor (2M), 21 old (42M), 0 humongous (0M), 4 free (8M)
}
Event: 2636.681 {heap After GC invocations=47 (full 1):
 garbage-first heap   total reserved 4149248K, committed 126976K, used 38072K [0x0000000702c00000, 0x0000000800000000)
  region size 2M, 0 eden (0M), 1 survivor (2M), 20 old (40M), 0 humongous (0M), 41 free (82M)
}

